This file contains any messages produced by compilers while
running configure, to aid debugging if configure makes a mistake.

It was created by domemaster configure 1.0, which was
generated by GNU Autoconf 2.61.  Invocation command line was

  $ ./configure --no-create --no-recursion

## --------- ##
## Platform. ##
## --------- ##

hostname = tuorla28-astro
uname -m = x86_64
uname -r = 2.6.22-16-generic
uname -s = Linux
uname -v = #1 SMP Sun Jan 25 23:29:15 GMT 2009

/usr/bin/uname -p = unknown
/bin/uname -X     = unknown

/bin/arch              = unknown
/usr/bin/arch -k       = unknown
/usr/convex/getsysinfo = unknown
/usr/bin/hostinfo      = unknown
/bin/machine           = unknown
/usr/bin/oslevel       = unknown
/bin/universe          = unknown

PATH: /home/reunanen/bin
PATH: /home/reunanen/bin
PATH: /usr/local/sbin
PATH: /usr/local/bin
PATH: /usr/sbin
PATH: /usr/bin
PATH: /sbin
PATH: /bin
PATH: /usr/games
PATH: /home/reunanen/bin
PATH: /home/reunanen/usr/bin
PATH: /home/reunanen/software/eclipse-5.0.0/bin


## ----------- ##
## Core tests. ##
## ----------- ##

configure:1794: checking build system type
configure:1812: result: x86_64-unknown-linux-gnu
configure:1834: checking host system type
configure:1849: result: x86_64-unknown-linux-gnu
configure:1871: checking target system type
configure:1886: result: x86_64-unknown-linux-gnu
configure:1930: checking for a BSD-compatible install
configure:1986: result: /usr/bin/install -c
configure:1997: checking whether build environment is sane
configure:2040: result: yes
configure:2068: checking for a thread-safe mkdir -p
configure:2107: result: /bin/mkdir -p
configure:2120: checking for gawk
configure:2136: found /usr/bin/gawk
configure:2147: result: gawk
configure:2158: checking whether make sets $(MAKE)
configure:2179: result: yes
configure:2427: checking for g++
configure:2443: found /usr/bin/g++
configure:2454: result: g++
configure:2485: checking for C++ compiler version
configure:2492: g++ --version >&5
g++ (GCC) 4.1.3 20070929 (prerelease) (Ubuntu 4.1.2-16ubuntu2)
Copyright (C) 2006 Free Software Foundation, Inc.
This is free software; see the source for copying conditions.  There is NO
warranty; not even for MERCHANTABILITY or FITNESS FOR A PARTICULAR PURPOSE.

configure:2495: $? = 0
configure:2502: g++ -v >&5
Using built-in specs.
Target: x86_64-linux-gnu
Configured with: ../src/configure -v --enable-languages=c,c++,fortran,objc,obj-c++,treelang --prefix=/usr --enable-shared --with-system-zlib --libexecdir=/usr/lib --without-included-gettext --enable-threads=posix --enable-nls --with-gxx-include-dir=/usr/include/c++/4.1.3 --program-suffix=-4.1 --enable-__cxa_atexit --enable-clocale=gnu --enable-libstdcxx-debug --enable-mpfr --enable-checking=release x86_64-linux-gnu
Thread model: posix
gcc version 4.1.3 20070929 (prerelease) (Ubuntu 4.1.2-16ubuntu2)
configure:2505: $? = 0
configure:2512: g++ -V >&5
g++: '-V' option must have argument
configure:2515: $? = 1
configure:2538: checking for C++ compiler default output file name
configure:2565: g++    conftest.cpp  >&5
configure:2568: $? = 0
configure:2606: result: a.out
configure:2623: checking whether the C++ compiler works
configure:2633: ./a.out
configure:2636: $? = 0
configure:2653: result: yes
configure:2660: checking whether we are cross compiling
configure:2662: result: no
configure:2665: checking for suffix of executables
configure:2672: g++ -o conftest    conftest.cpp  >&5
configure:2675: $? = 0
configure:2699: result: 
configure:2705: checking for suffix of object files
configure:2731: g++ -c   conftest.cpp >&5
configure:2734: $? = 0
configure:2757: result: o
configure:2761: checking whether we are using the GNU C++ compiler
configure:2790: g++ -c   conftest.cpp >&5
configure:2796: $? = 0
configure:2813: result: yes
configure:2818: checking whether g++ accepts -g
configure:2848: g++ -c -g  conftest.cpp >&5
configure:2854: $? = 0
configure:2953: result: yes
configure:2987: checking for style of include used by make
configure:3015: result: GNU
configure:3040: checking dependency style of g++
configure:3131: result: gcc3
configure:3159: checking for a BSD-compatible install
configure:3215: result: /usr/bin/install -c
configure:3275: checking for gcc
configure:3291: found /usr/bin/gcc
configure:3302: result: gcc
configure:3540: checking for C compiler version
configure:3547: gcc --version >&5
gcc (GCC) 4.1.3 20070929 (prerelease) (Ubuntu 4.1.2-16ubuntu2)
Copyright (C) 2006 Free Software Foundation, Inc.
This is free software; see the source for copying conditions.  There is NO
warranty; not even for MERCHANTABILITY or FITNESS FOR A PARTICULAR PURPOSE.

configure:3550: $? = 0
configure:3557: gcc -v >&5
Using built-in specs.
Target: x86_64-linux-gnu
Configured with: ../src/configure -v --enable-languages=c,c++,fortran,objc,obj-c++,treelang --prefix=/usr --enable-shared --with-system-zlib --libexecdir=/usr/lib --without-included-gettext --enable-threads=posix --enable-nls --with-gxx-include-dir=/usr/include/c++/4.1.3 --program-suffix=-4.1 --enable-__cxa_atexit --enable-clocale=gnu --enable-libstdcxx-debug --enable-mpfr --enable-checking=release x86_64-linux-gnu
Thread model: posix
gcc version 4.1.3 20070929 (prerelease) (Ubuntu 4.1.2-16ubuntu2)
configure:3560: $? = 0
configure:3567: gcc -V >&5
gcc: '-V' option must have argument
configure:3570: $? = 1
configure:3573: checking whether we are using the GNU C compiler
configure:3602: gcc -c   conftest.c >&5
configure:3608: $? = 0
configure:3625: result: yes
configure:3630: checking whether gcc accepts -g
configure:3660: gcc -c -g  conftest.c >&5
configure:3666: $? = 0
configure:3765: result: yes
configure:3782: checking for gcc option to accept ISO C89
configure:3856: gcc  -c -g -O2  conftest.c >&5
configure:3862: $? = 0
configure:3885: result: none needed
configure:3905: checking dependency style of gcc
configure:3996: result: gcc3
configure:4017: checking how to run the C preprocessor
configure:4057: gcc -E  conftest.c
configure:4063: $? = 0
configure:4094: gcc -E  conftest.c
conftest.c:10:28: error: ac_nonexistent.h: No such file or directory
configure:4100: $? = 1
configure: failed program was:
| /* confdefs.h.  */
| #define PACKAGE_NAME "domemaster"
| #define PACKAGE_TARNAME "domemaster"
| #define PACKAGE_VERSION "1.0"
| #define PACKAGE_STRING "domemaster 1.0"
| #define PACKAGE_BUGREPORT "reunanen@ftml.net"
| #define PACKAGE "domemaster"
| #define VERSION "1.0"
| /* end confdefs.h.  */
| #include <ac_nonexistent.h>
configure:4133: result: gcc -E
configure:4162: gcc -E  conftest.c
configure:4168: $? = 0
configure:4199: gcc -E  conftest.c
conftest.c:10:28: error: ac_nonexistent.h: No such file or directory
configure:4205: $? = 1
configure: failed program was:
| /* confdefs.h.  */
| #define PACKAGE_NAME "domemaster"
| #define PACKAGE_TARNAME "domemaster"
| #define PACKAGE_VERSION "1.0"
| #define PACKAGE_STRING "domemaster 1.0"
| #define PACKAGE_BUGREPORT "reunanen@ftml.net"
| #define PACKAGE "domemaster"
| #define VERSION "1.0"
| /* end confdefs.h.  */
| #include <ac_nonexistent.h>
configure:4243: checking for grep that handles long lines and -e
configure:4317: result: /bin/grep
configure:4322: checking for egrep
configure:4400: result: /bin/grep -E
configure:4405: checking for ANSI C header files
configure:4435: gcc -c -g -O2  conftest.c >&5
configure:4441: $? = 0
configure:4540: gcc -o conftest -g -O2   conftest.c  >&5
configure:4543: $? = 0
configure:4549: ./conftest
configure:4552: $? = 0
configure:4569: result: yes
configure:4593: checking for sys/types.h
configure:4614: gcc -c -g -O2  conftest.c >&5
configure:4620: $? = 0
configure:4636: result: yes
configure:4593: checking for sys/stat.h
configure:4614: gcc -c -g -O2  conftest.c >&5
configure:4620: $? = 0
configure:4636: result: yes
configure:4593: checking for stdlib.h
configure:4614: gcc -c -g -O2  conftest.c >&5
configure:4620: $? = 0
configure:4636: result: yes
configure:4593: checking for string.h
configure:4614: gcc -c -g -O2  conftest.c >&5
configure:4620: $? = 0
configure:4636: result: yes
configure:4593: checking for memory.h
configure:4614: gcc -c -g -O2  conftest.c >&5
configure:4620: $? = 0
configure:4636: result: yes
configure:4593: checking for strings.h
configure:4614: gcc -c -g -O2  conftest.c >&5
configure:4620: $? = 0
configure:4636: result: yes
configure:4593: checking for inttypes.h
configure:4614: gcc -c -g -O2  conftest.c >&5
configure:4620: $? = 0
configure:4636: result: yes
configure:4593: checking for stdint.h
configure:4614: gcc -c -g -O2  conftest.c >&5
configure:4620: $? = 0
configure:4636: result: yes
configure:4593: checking for unistd.h
configure:4614: gcc -c -g -O2  conftest.c >&5
configure:4620: $? = 0
configure:4636: result: yes
configure:4663: checking fitsio.h usability
configure:4680: gcc -c -g -O2  conftest.c >&5
configure:4686: $? = 0
configure:4700: result: yes
configure:4704: checking fitsio.h presence
configure:4719: gcc -E  conftest.c
configure:4725: $? = 0
configure:4739: result: yes
configure:4772: checking for fitsio.h
configure:4780: result: yes
configure:4794: checking for ffopen in -lcfitsio
configure:4830: gcc -o conftest -g -O2   conftest.c -lcfitsio -lm
  >&5
configure:4836: $? = 0
configure:4854: result: yes
configure:4865: checking for FreeImage_Load in -lfreeimage
configure:4900: gcc -o conftest -g -O2   conftest.c -lfreeimage   -lcfitsio -lm >&5
configure:4906: $? = 0
configure:4924: result: yes
configure:4936: checking for socket in -lsocket
configure:4971: gcc -o conftest -g -O2   conftest.c -lsocket   -lcfitsio -lm -lfreeimage >&5
/usr/bin/ld: cannot find -lsocket
collect2: ld returned 1 exit status
configure:4977: $? = 1
configure: failed program was:
| /* confdefs.h.  */
| #define PACKAGE_NAME "domemaster"
| #define PACKAGE_TARNAME "domemaster"
| #define PACKAGE_VERSION "1.0"
| #define PACKAGE_STRING "domemaster 1.0"
| #define PACKAGE_BUGREPORT "reunanen@ftml.net"
| #define PACKAGE "domemaster"
| #define VERSION "1.0"
| #define STDC_HEADERS 1
| #define HAVE_SYS_TYPES_H 1
| #define HAVE_SYS_STAT_H 1
| #define HAVE_STDLIB_H 1
| #define HAVE_STRING_H 1
| #define HAVE_MEMORY_H 1
| #define HAVE_STRINGS_H 1
| #define HAVE_INTTYPES_H 1
| #define HAVE_STDINT_H 1
| #define HAVE_UNISTD_H 1
| #define HAVE_FITSIO_H 1
| /* end confdefs.h.  */
| 
| /* Override any GCC internal prototype to avoid an error.
|    Use char because int might match the return type of a GCC
|    builtin and then its argument prototype would still apply.  */
| #ifdef __cplusplus
| extern "C"
| #endif
| char socket ();
| int
| main ()
| {
| return socket ();
|   ;
|   return 0;
| }
configure:4995: result: no
configure:5005: checking for gethostbyname
configure:5061: gcc -o conftest -g -O2   conftest.c  -lcfitsio -lm -lfreeimage >&5
configure:5067: $? = 0
configure:5085: result: yes
configure:5291: creating ./config.status

## ---------------- ##
## Cache variables. ##
## ---------------- ##

ac_cv_build=x86_64-unknown-linux-gnu
ac_cv_c_compiler_gnu=yes
ac_cv_cxx_compiler_gnu=yes
ac_cv_env_CCC_set=
ac_cv_env_CCC_value=
ac_cv_env_CC_set=
ac_cv_env_CC_value=
ac_cv_env_CFLAGS_set=
ac_cv_env_CFLAGS_value=
ac_cv_env_CPPFLAGS_set=
ac_cv_env_CPPFLAGS_value=
ac_cv_env_CPP_set=
ac_cv_env_CPP_value=
ac_cv_env_CXXFLAGS_set=
ac_cv_env_CXXFLAGS_value=
ac_cv_env_CXX_set=
ac_cv_env_CXX_value=
ac_cv_env_LDFLAGS_set=
ac_cv_env_LDFLAGS_value=
ac_cv_env_LIBS_set=
ac_cv_env_LIBS_value=
ac_cv_env_build_alias_set=
ac_cv_env_build_alias_value=
ac_cv_env_host_alias_set=
ac_cv_env_host_alias_value=
ac_cv_env_target_alias_set=
ac_cv_env_target_alias_value=
ac_cv_func_gethostbyname=yes
ac_cv_header_fitsio_h=yes
ac_cv_header_inttypes_h=yes
ac_cv_header_memory_h=yes
ac_cv_header_stdc=yes
ac_cv_header_stdint_h=yes
ac_cv_header_stdlib_h=yes
ac_cv_header_string_h=yes
ac_cv_header_strings_h=yes
ac_cv_header_sys_stat_h=yes
ac_cv_header_sys_types_h=yes
ac_cv_header_unistd_h=yes
ac_cv_host=x86_64-unknown-linux-gnu
ac_cv_lib_cfitsio_ffopen=yes
ac_cv_lib_freeimage_FreeImage_Load=yes
ac_cv_lib_socket_socket=no
ac_cv_objext=o
ac_cv_path_EGREP='/bin/grep -E'
ac_cv_path_GREP=/bin/grep
ac_cv_path_install='/usr/bin/install -c'
ac_cv_path_mkdir=/bin/mkdir
ac_cv_prog_AWK=gawk
ac_cv_prog_CPP='gcc -E'
ac_cv_prog_ac_ct_CC=gcc
ac_cv_prog_ac_ct_CXX=g++
ac_cv_prog_cc_c89=
ac_cv_prog_cc_g=yes
ac_cv_prog_cxx_g=yes
ac_cv_prog_make_make_set=yes
ac_cv_target=x86_64-unknown-linux-gnu
am_cv_CC_dependencies_compiler_type=gcc3
am_cv_CXX_dependencies_compiler_type=gcc3

## ----------------- ##
## Output variables. ##
## ----------------- ##

ACLOCAL='${SHELL} /home/reunanen/progs/domemaster/admin/missing --run aclocal-1.10'
AMDEPBACKSLASH='\'
AMDEP_FALSE='#'
AMDEP_TRUE=''
AMTAR='${SHELL} /home/reunanen/progs/domemaster/admin/missing --run tar'
AUTOCONF='${SHELL} /home/reunanen/progs/domemaster/admin/missing --run autoconf'
AUTOHEADER='${SHELL} /home/reunanen/progs/domemaster/admin/missing --run autoheader'
AUTOMAKE='${SHELL} /home/reunanen/progs/domemaster/admin/missing --run automake-1.10'
AWK='gawk'
CC='gcc'
CCDEPMODE='depmode=gcc3'
CFLAGS='-g -O2'
CPP='gcc -E'
CPPFLAGS=''
CXX='g++'
CXXDEPMODE='depmode=gcc3'
CXXFLAGS='-g -O2'
CYGPATH_W='echo'
DEFS='-DHAVE_CONFIG_H'
DEPDIR='.deps'
ECHO_C=''
ECHO_N='-n'
ECHO_T=''
EGREP='/bin/grep -E'
EXEEXT=''
GREP='/bin/grep'
INSTALL_DATA='${INSTALL} -m 644'
INSTALL_PROGRAM='${INSTALL}'
INSTALL_SCRIPT='${INSTALL}'
INSTALL_STRIP_PROGRAM='$(install_sh) -c -s'
LDFLAGS=''
LIBOBJS=''
LIBS=' -lcfitsio -lm -lfreeimage'
LTLIBOBJS=''
MAKEINFO='${SHELL} /home/reunanen/progs/domemaster/admin/missing --run makeinfo'
OBJEXT='o'
PACKAGE='domemaster'
PACKAGE_BUGREPORT='reunanen@ftml.net'
PACKAGE_NAME='domemaster'
PACKAGE_STRING='domemaster 1.0'
PACKAGE_TARNAME='domemaster'
PACKAGE_VERSION='1.0'
PATH_SEPARATOR=':'
SET_MAKE=''
SHELL='/bin/sh'
STRIP=''
VERSION='1.0'
ac_ct_CC='gcc'
ac_ct_CXX='g++'
am__fastdepCC_FALSE='#'
am__fastdepCC_TRUE=''
am__fastdepCXX_FALSE='#'
am__fastdepCXX_TRUE=''
am__include='include'
am__isrc=''
am__leading_dot='.'
am__quote=''
am__tar='${AMTAR} chof - "$$tardir"'
am__untar='${AMTAR} xf -'
bindir='${exec_prefix}/bin'
build='x86_64-unknown-linux-gnu'
build_alias=''
build_cpu='x86_64'
build_os='linux-gnu'
build_vendor='unknown'
datadir='${datarootdir}'
datarootdir='${prefix}/share'
docdir='${datarootdir}/doc/${PACKAGE_TARNAME}'
dvidir='${docdir}'
exec_prefix='${prefix}'
host='x86_64-unknown-linux-gnu'
host_alias=''
host_cpu='x86_64'
host_os='linux-gnu'
host_vendor='unknown'
htmldir='${docdir}'
includedir='${prefix}/include'
infodir='${datarootdir}/info'
install_sh='$(SHELL) /home/reunanen/progs/domemaster/admin/install-sh'
libdir='${exec_prefix}/lib'
libexecdir='${exec_prefix}/libexec'
localedir='${datarootdir}/locale'
localstatedir='${prefix}/var'
mandir='${datarootdir}/man'
mkdir_p='/bin/mkdir -p'
oldincludedir='/usr/include'
pdfdir='${docdir}'
prefix='/usr/local'
program_transform_name='s,x,x,'
psdir='${docdir}'
sbindir='${exec_prefix}/sbin'
sharedstatedir='${prefix}/com'
sysconfdir='${prefix}/etc'
target='x86_64-unknown-linux-gnu'
target_alias=''
target_cpu='x86_64'
target_os='linux-gnu'
target_vendor='unknown'

## ----------- ##
## confdefs.h. ##
## ----------- ##

#define PACKAGE_NAME "domemaster"
#define PACKAGE_TARNAME "domemaster"
#define PACKAGE_VERSION "1.0"
#define PACKAGE_STRING "domemaster 1.0"
#define PACKAGE_BUGREPORT "reunanen@ftml.net"
#define PACKAGE "domemaster"
#define VERSION "1.0"
#define STDC_HEADERS 1
#define HAVE_SYS_TYPES_H 1
#define HAVE_SYS_STAT_H 1
#define HAVE_STDLIB_H 1
#define HAVE_STRING_H 1
#define HAVE_MEMORY_H 1
#define HAVE_STRINGS_H 1
#define HAVE_INTTYPES_H 1
#define HAVE_STDINT_H 1
#define HAVE_UNISTD_H 1
#define HAVE_FITSIO_H 1
#define HAVE_GETHOSTBYNAME 1

configure: exit 0

## ---------------------- ##
## Running config.status. ##
## ---------------------- ##

This file was extended by domemaster config.status 1.0, which was
generated by GNU Autoconf 2.61.  Invocation command line was

  CONFIG_FILES    = 
  CONFIG_HEADERS  = 
  CONFIG_LINKS    = 
  CONFIG_COMMANDS = 
  $ ./config.status 

on tuorla28-astro

config.status:657: creating Makefile
config.status:657: creating src/Makefile
config.status:657: creating config.h
config.status:885: config.h is unchanged
config.status:931: executing depfiles commands

## ---------------------- ##
## Running config.status. ##
## ---------------------- ##

This file was extended by domemaster config.status 1.0, which was
generated by GNU Autoconf 2.61.  Invocation command line was

  CONFIG_FILES    = 
  CONFIG_HEADERS  = 
  CONFIG_LINKS    = 
  CONFIG_COMMANDS = 
  $ ./config.status config.h

on tuorla28-astro

config.status:657: creating config.h
config.status:885: config.h is unchanged
